0 info it worked if it ends with ok
1 verbose cli [ 'C:\\nodejs\\nodejs\\node.exe',
1 verbose cli   'C:\\nodejs\\nodejs\\node_modules\\npm\\bin\\npm-cli.js',
1 verbose cli   'start' ]
2 info using npm@3.10.10
3 info using node@v6.12.3
4 verbose run-script [ 'prestart', 'start', 'poststart' ]
5 info lifecycle geo_integration_sjr@1.0.6~prestart: geo_integration_sjr@1.0.6
6 silly lifecycle geo_integration_sjr@1.0.6~prestart: no script for prestart, continuing
7 info lifecycle geo_integration_sjr@1.0.6~start: geo_integration_sjr@1.0.6
8 verbose lifecycle geo_integration_sjr@1.0.6~start: unsafe-perm in lifecycle true
9 verbose lifecycle geo_integration_sjr@1.0.6~start: PATH: C:\nodejs\nvm\v6.12.3\node_modules\npm\bin\node-gyp-bin;D:\workspace\tecgeo\dev\sjr\geo_integration_sjr\node_modules\.bin;C:\Python27\;C:\Python27\Scripts;C:\Program Files (x86)\Common Files\Oracle\Java\javapath;C:\Program Files (x86)\Intel\iCLS Client\;C:\Program Files\Intel\iCLS Client\;C:\WINDOWS\system32;C:\WINDOWS;C:\WINDOWS\System32\Wbem;C:\WINDOWS\System32\WindowsPowerShell\v1.0\;C:\Program Files (x86)\Intel\Intel(R) Management Engine Components\DAL;C:\Program Files\Intel\Intel(R) Management Engine Components\DAL;C:\Program Files (x86)\Intel\Intel(R) Management Engine Components\IPT;C:\Program Files\Intel\Intel(R) Management Engine Components\IPT;C:\Program Files\Samsung\SamsungLink\AllShare Framework DMS\bin\;C:\WINDOWS\System32\OpenSSH\;C:\nodejs\nvm;C:\nodejs\nodejs;C:\Program Files\PuTTY\;C:\Program Files\Git\cmd;C:\Program Files (x86)\Microsoft SQL Server\Client SDK\ODBC\130\Tools\Binn\;C:\Program Files (x86)\Microsoft SQL Server\140\Tools\Binn\;C:\Program Files (x86)\Microsoft SQL Server\140\DTS\Binn\;C:\Program Files (x86)\Microsoft SQL Server\140\Tools\Binn\ManagementStudio\;C:\PostgreSQL\pg96\bin;C:\Program Files (x86)\Microsoft SQL Server\110\Tools\Binn\;C:\Program Files\Microsoft SQL Server\110\Tools\Binn\;C:\Program Files\Microsoft SQL Server\110\DTS\Binn\;C:\Program Files (x86)\Microsoft SQL Server\110\Tools\Binn\ManagementStudio\;C:\Program Files (x86)\Microsoft SQL Server\110\DTS\Binn\;C:\Program Files (x86)\Microsoft Visual Studio\2017\BuildTools\MSBuild\15.0\Bin;C:\Users\Joab Filho\AppData\Local\Microsoft\WindowsApps;C:\Users\Joab Filho\AppData\Roaming\npm;C:\Users\Joab Filho\AppData\Local\Programs\Microsoft VS Code\bin;C:\Program Files\Java\jdk1.8.0_201\bin
10 verbose lifecycle geo_integration_sjr@1.0.6~start: CWD: D:\workspace\tecgeo\dev\sjr\geo_integration_sjr
11 silly lifecycle geo_integration_sjr@1.0.6~start: Args: [ '/d /s /c', 'node server.js' ]
12 silly lifecycle geo_integration_sjr@1.0.6~start: Returned: code: 1  signal: null
13 info lifecycle geo_integration_sjr@1.0.6~start: Failed to exec start script
14 verbose stack Error: geo_integration_sjr@1.0.6 start: `node server.js`
14 verbose stack Exit status 1
14 verbose stack     at EventEmitter.<anonymous> (C:\nodejs\nvm\v6.12.3\node_modules\npm\lib\utils\lifecycle.js:255:16)
14 verbose stack     at emitTwo (events.js:106:13)
14 verbose stack     at EventEmitter.emit (events.js:191:7)
14 verbose stack     at ChildProcess.<anonymous> (C:\nodejs\nvm\v6.12.3\node_modules\npm\lib\utils\spawn.js:40:14)
14 verbose stack     at emitTwo (events.js:106:13)
14 verbose stack     at ChildProcess.emit (events.js:191:7)
14 verbose stack     at maybeClose (internal/child_process.js:920:16)
14 verbose stack     at Process.ChildProcess._handle.onexit (internal/child_process.js:230:5)
15 verbose pkgid geo_integration_sjr@1.0.6
16 verbose cwd D:\workspace\tecgeo\dev\sjr\geo_integration_sjr
17 error Windows_NT 10.0.17134
18 error argv "C:\\nodejs\\nodejs\\node.exe" "C:\\nodejs\\nodejs\\node_modules\\npm\\bin\\npm-cli.js" "start"
19 error node v6.12.3
20 error npm  v3.10.10
21 error code ELIFECYCLE
22 error geo_integration_sjr@1.0.6 start: `node server.js`
22 error Exit status 1
23 error Failed at the geo_integration_sjr@1.0.6 start script 'node server.js'.
23 error Make sure you have the latest version of node.js and npm installed.
23 error If you do, this is most likely a problem with the geo_integration_sjr package,
23 error not with npm itself.
23 error Tell the author that this fails on your system:
23 error     node server.js
23 error You can get information on how to open an issue for this project with:
23 error     npm bugs geo_integration_sjr
23 error Or if that isn't available, you can get their info via:
23 error     npm owner ls geo_integration_sjr
23 error There is likely additional logging output above.
24 verbose exit [ 1, true ]
