events.js:141
      throw er; // Unhandled 'error' event
      ^

Error: listen EADDRINUSE :::9203
    at Object.exports._errnoException (util.js:870:11)
    at exports._exceptionWithHostPort (util.js:893:20)
    at Server._listen2 (net.js:1234:14)
    at listen (net.js:1270:10)
    at Server.listen (net.js:1366:5)
    at EventEmitter.listen (C:\projetos\geo_integration_jb\node_modules\express\lib\application.js:617:24)
    at Object.<anonymous> (C:\projetos\geo_integration_jb\server.js:27:5)
    at Module._compile (module.js:409:26)
    at Object.Module._extensions..js (module.js:416:10)
    at Module.load (module.js:343:32)
    at Function.Module._load (module.js:300:12)
    at Function.Module.runMain (module.js:441:10)
    at startup (node.js:139:18)
    at node.js:968:3
events.js:141
      throw er; // Unhandled 'error' event
      ^

Error: listen EADDRINUSE :::9203
    at Object.exports._errnoException (util.js:870:11)
    at exports._exceptionWithHostPort (util.js:893:20)
    at Server._listen2 (net.js:1234:14)
    at listen (net.js:1270:10)
    at Server.listen (net.js:1366:5)
    at EventEmitter.listen (C:\projetos\geo_integration_jb\node_modules\express\lib\application.js:617:24)
    at Object.<anonymous> (C:\projetos\geo_integration_jb\server.js:27:5)
    at Module._compile (module.js:409:26)
    at Object.Module._extensions..js (module.js:416:10)
    at Module.load (module.js:343:32)
    at Function.Module._load (module.js:300:12)
    at Function.Module.runMain (module.js:441:10)
    at startup (node.js:139:18)
    at node.js:968:3
events.js:141
      throw er; // Unhandled 'error' event
      ^

Error: listen EADDRINUSE :::9203
    at Object.exports._errnoException (util.js:870:11)
    at exports._exceptionWithHostPort (util.js:893:20)
    at Server._listen2 (net.js:1234:14)
    at listen (net.js:1270:10)
    at Server.listen (net.js:1366:5)
    at EventEmitter.listen (C:\projetos\geo_integration_jb\node_modules\express\lib\application.js:617:24)
    at Object.<anonymous> (C:\projetos\geo_integration_jb\server.js:27:5)
    at Module._compile (module.js:409:26)
    at Object.Module._extensions..js (module.js:416:10)
    at Module.load (module.js:343:32)
    at Function.Module._load (module.js:300:12)
    at Function.Module.runMain (module.js:441:10)
    at startup (node.js:139:18)
    at node.js:968:3
C:\Users\Administrator\AppData\Roaming\npm\node_modules\node-windows\lib\wrapper.js:177
    child.send('shutdown');
         ^

TypeError: Cannot read property 'send' of null
    at process.killkid (C:\Users\Administrator\AppData\Roaming\npm\node_modules\node-windows\lib\wrapper.js:177:10)
    at emitOne (events.js:77:13)
    at process.emit (events.js:169:7)
    at process.exit (node.js:750:17)
    at monitor (C:\Users\Administrator\AppData\Roaming\npm\node_modules\node-windows\lib\wrapper.js:99:17)
    at ChildProcess.<anonymous> (C:\Users\Administrator\AppData\Roaming\npm\node_modules\node-windows\lib\wrapper.js:170:5)
    at emitTwo (events.js:87:13)
    at ChildProcess.emit (events.js:172:7)
    at Process.ChildProcess._handle.onexit (internal/child_process.js:200:12)
events.js:141
      throw er; // Unhandled 'error' event
      ^

Error: listen EADDRINUSE :::9203
    at Object.exports._errnoException (util.js:870:11)
    at exports._exceptionWithHostPort (util.js:893:20)
    at Server._listen2 (net.js:1234:14)
    at listen (net.js:1270:10)
    at Server.listen (net.js:1366:5)
    at EventEmitter.listen (C:\projetos\geo_integration_jb\node_modules\express\lib\application.js:617:24)
    at Object.<anonymous> (C:\projetos\geo_integration_jb\server.js:27:5)
    at Module._compile (module.js:409:26)
    at Object.Module._extensions..js (module.js:416:10)
    at Module.load (module.js:343:32)
    at Function.Module._load (module.js:300:12)
    at Function.Module.runMain (module.js:441:10)
    at startup (node.js:139:18)
    at node.js:968:3
events.js:141
      throw er; // Unhandled 'error' event
      ^

Error: listen EADDRINUSE :::9203
    at Object.exports._errnoException (util.js:870:11)
    at exports._exceptionWithHostPort (util.js:893:20)
    at Server._listen2 (net.js:1234:14)
    at listen (net.js:1270:10)
    at Server.listen (net.js:1366:5)
    at EventEmitter.listen (C:\projetos\geo_integration_jb\node_modules\express\lib\application.js:617:24)
    at Object.<anonymous> (C:\projetos\geo_integration_jb\server.js:27:5)
    at Module._compile (module.js:409:26)
    at Object.Module._extensions..js (module.js:416:10)
    at Module.load (module.js:343:32)
    at Function.Module._load (module.js:300:12)
    at Function.Module.runMain (module.js:441:10)
    at startup (node.js:139:18)
    at node.js:968:3
events.js:141
      throw er; // Unhandled 'error' event
      ^

Error: listen EADDRINUSE :::9203
    at Object.exports._errnoException (util.js:870:11)
    at exports._exceptionWithHostPort (util.js:893:20)
    at Server._listen2 (net.js:1234:14)
    at listen (net.js:1270:10)
    at Server.listen (net.js:1366:5)
    at EventEmitter.listen (C:\projetos\geo_integration_jb\node_modules\express\lib\application.js:617:24)
    at Object.<anonymous> (C:\projetos\geo_integration_jb\server.js:27:5)
    at Module._compile (module.js:409:26)
    at Object.Module._extensions..js (module.js:416:10)
    at Module.load (module.js:343:32)
    at Function.Module._load (module.js:300:12)
    at Function.Module.runMain (module.js:441:10)
    at startup (node.js:139:18)
    at node.js:968:3
C:\Users\Administrator\AppData\Roaming\npm\node_modules\node-windows\lib\wrapper.js:177
    child.send('shutdown');
         ^

TypeError: Cannot read property 'send' of null
    at process.killkid (C:\Users\Administrator\AppData\Roaming\npm\node_modules\node-windows\lib\wrapper.js:177:10)
    at emitOne (events.js:77:13)
    at process.emit (events.js:169:7)
    at process.exit (node.js:750:17)
    at monitor (C:\Users\Administrator\AppData\Roaming\npm\node_modules\node-windows\lib\wrapper.js:99:17)
    at ChildProcess.<anonymous> (C:\Users\Administrator\AppData\Roaming\npm\node_modules\node-windows\lib\wrapper.js:170:5)
    at emitTwo (events.js:87:13)
    at ChildProcess.emit (events.js:172:7)
    at Process.ChildProcess._handle.onexit (internal/child_process.js:200:12)
events.js:141
      throw er; // Unhandled 'error' event
      ^

Error: listen EADDRINUSE :::9203
    at Object.exports._errnoException (util.js:870:11)
    at exports._exceptionWithHostPort (util.js:893:20)
    at Server._listen2 (net.js:1234:14)
    at listen (net.js:1270:10)
    at Server.listen (net.js:1366:5)
    at EventEmitter.listen (C:\projetos\geo_integration_jb\node_modules\express\lib\application.js:617:24)
    at Object.<anonymous> (C:\projetos\geo_integration_jb\server.js:27:5)
    at Module._compile (module.js:409:26)
    at Object.Module._extensions..js (module.js:416:10)
    at Module.load (module.js:343:32)
    at Function.Module._load (module.js:300:12)
    at Function.Module.runMain (module.js:441:10)
    at startup (node.js:139:18)
    at node.js:968:3
events.js:141
      throw er; // Unhandled 'error' event
      ^

Error: listen EADDRINUSE :::9203
    at Object.exports._errnoException (util.js:870:11)
    at exports._exceptionWithHostPort (util.js:893:20)
    at Server._listen2 (net.js:1234:14)
    at listen (net.js:1270:10)
    at Server.listen (net.js:1366:5)
    at EventEmitter.listen (C:\projetos\geo_integration_jb\node_modules\express\lib\application.js:617:24)
    at Object.<anonymous> (C:\projetos\geo_integration_jb\server.js:27:5)
    at Module._compile (module.js:409:26)
    at Object.Module._extensions..js (module.js:416:10)
    at Module.load (module.js:343:32)
    at Function.Module._load (module.js:300:12)
    at Function.Module.runMain (module.js:441:10)
    at startup (node.js:139:18)
    at node.js:968:3
events.js:141
      throw er; // Unhandled 'error' event
      ^

Error: listen EADDRINUSE :::9203
    at Object.exports._errnoException (util.js:870:11)
    at exports._exceptionWithHostPort (util.js:893:20)
    at Server._listen2 (net.js:1234:14)
    at listen (net.js:1270:10)
    at Server.listen (net.js:1366:5)
    at EventEmitter.listen (C:\projetos\geo_integration_jb\node_modules\express\lib\application.js:617:24)
    at Object.<anonymous> (C:\projetos\geo_integration_jb\server.js:27:5)
    at Module._compile (module.js:409:26)
    at Object.Module._extensions..js (module.js:416:10)
    at Module.load (module.js:343:32)
    at Function.Module._load (module.js:300:12)
    at Function.Module.runMain (module.js:441:10)
    at startup (node.js:139:18)
    at node.js:968:3
C:\Users\Administrator\AppData\Roaming\npm\node_modules\node-windows\lib\wrapper.js:177
    child.send('shutdown');
         ^

TypeError: Cannot read property 'send' of null
    at process.killkid (C:\Users\Administrator\AppData\Roaming\npm\node_modules\node-windows\lib\wrapper.js:177:10)
    at emitOne (events.js:77:13)
    at process.emit (events.js:169:7)
    at process.exit (node.js:750:17)
    at monitor (C:\Users\Administrator\AppData\Roaming\npm\node_modules\node-windows\lib\wrapper.js:99:17)
    at ChildProcess.<anonymous> (C:\Users\Administrator\AppData\Roaming\npm\node_modules\node-windows\lib\wrapper.js:170:5)
    at emitTwo (events.js:87:13)
    at ChildProcess.emit (events.js:172:7)
    at Process.ChildProcess._handle.onexit (internal/child_process.js:200:12)
events.js:141
      throw er; // Unhandled 'error' event
      ^

Error: listen EADDRINUSE :::9203
    at Object.exports._errnoException (util.js:870:11)
    at exports._exceptionWithHostPort (util.js:893:20)
    at Server._listen2 (net.js:1234:14)
    at listen (net.js:1270:10)
    at Server.listen (net.js:1366:5)
    at EventEmitter.listen (C:\projetos\geo_integration_jb\node_modules\express\lib\application.js:617:24)
    at Object.<anonymous> (C:\projetos\geo_integration_jb\server.js:27:5)
    at Module._compile (module.js:409:26)
    at Object.Module._extensions..js (module.js:416:10)
    at Module.load (module.js:343:32)
    at Function.Module._load (module.js:300:12)
    at Function.Module.runMain (module.js:441:10)
    at startup (node.js:139:18)
    at node.js:968:3
events.js:141
      throw er; // Unhandled 'error' event
      ^

Error: listen EADDRINUSE :::9203
    at Object.exports._errnoException (util.js:870:11)
    at exports._exceptionWithHostPort (util.js:893:20)
    at Server._listen2 (net.js:1234:14)
    at listen (net.js:1270:10)
    at Server.listen (net.js:1366:5)
    at EventEmitter.listen (C:\projetos\geo_integration_jb\node_modules\express\lib\application.js:617:24)
    at Object.<anonymous> (C:\projetos\geo_integration_jb\server.js:27:5)
    at Module._compile (module.js:409:26)
    at Object.Module._extensions..js (module.js:416:10)
    at Module.load (module.js:343:32)
    at Function.Module._load (module.js:300:12)
    at Function.Module.runMain (module.js:441:10)
    at startup (node.js:139:18)
    at node.js:968:3
events.js:141
      throw er; // Unhandled 'error' event
      ^

Error: listen EADDRINUSE :::9203
    at Object.exports._errnoException (util.js:870:11)
    at exports._exceptionWithHostPort (util.js:893:20)
    at Server._listen2 (net.js:1234:14)
    at listen (net.js:1270:10)
    at Server.listen (net.js:1366:5)
    at EventEmitter.listen (C:\projetos\geo_integration_jb\node_modules\express\lib\application.js:617:24)
    at Object.<anonymous> (C:\projetos\geo_integration_jb\server.js:27:5)
    at Module._compile (module.js:409:26)
    at Object.Module._extensions..js (module.js:416:10)
    at Module.load (module.js:343:32)
    at Function.Module._load (module.js:300:12)
    at Function.Module.runMain (module.js:441:10)
    at startup (node.js:139:18)
    at node.js:968:3
C:\Users\Administrator\AppData\Roaming\npm\node_modules\node-windows\lib\wrapper.js:177
    child.send('shutdown');
         ^

TypeError: Cannot read property 'send' of null
    at process.killkid (C:\Users\Administrator\AppData\Roaming\npm\node_modules\node-windows\lib\wrapper.js:177:10)
    at emitOne (events.js:77:13)
    at process.emit (events.js:169:7)
    at process.exit (node.js:750:17)
    at monitor (C:\Users\Administrator\AppData\Roaming\npm\node_modules\node-windows\lib\wrapper.js:99:17)
    at ChildProcess.<anonymous> (C:\Users\Administrator\AppData\Roaming\npm\node_modules\node-windows\lib\wrapper.js:170:5)
    at emitTwo (events.js:87:13)
    at ChildProcess.emit (events.js:172:7)
    at Process.ChildProcess._handle.onexit (internal/child_process.js:200:12)
events.js:141
      throw er; // Unhandled 'error' event
      ^

Error: listen EADDRINUSE :::9203
    at Object.exports._errnoException (util.js:870:11)
    at exports._exceptionWithHostPort (util.js:893:20)
    at Server._listen2 (net.js:1234:14)
    at listen (net.js:1270:10)
    at Server.listen (net.js:1366:5)
    at EventEmitter.listen (C:\projetos\geo_integration_jb\node_modules\express\lib\application.js:617:24)
    at Object.<anonymous> (C:\projetos\geo_integration_jb\server.js:27:5)
    at Module._compile (module.js:409:26)
    at Object.Module._extensions..js (module.js:416:10)
    at Module.load (module.js:343:32)
    at Function.Module._load (module.js:300:12)
    at Function.Module.runMain (module.js:441:10)
    at startup (node.js:139:18)
    at node.js:968:3
events.js:141
      throw er; // Unhandled 'error' event
      ^

Error: listen EADDRINUSE :::9203
    at Object.exports._errnoException (util.js:870:11)
    at exports._exceptionWithHostPort (util.js:893:20)
    at Server._listen2 (net.js:1234:14)
    at listen (net.js:1270:10)
    at Server.listen (net.js:1366:5)
    at EventEmitter.listen (C:\projetos\geo_integration_jb\node_modules\express\lib\application.js:617:24)
    at Object.<anonymous> (C:\projetos\geo_integration_jb\server.js:27:5)
    at Module._compile (module.js:409:26)
    at Object.Module._extensions..js (module.js:416:10)
    at Module.load (module.js:343:32)
    at Function.Module._load (module.js:300:12)
    at Function.Module.runMain (module.js:441:10)
    at startup (node.js:139:18)
    at node.js:968:3
